# JRE version: Java(TM) SE Runtime Environment (12.0.2+10) (build 12.0.2+10)
# Java VM: Java HotSpot(TM) 64-Bit Server VM (12.0.2+10, mixed mode, sharing, tiered, compressed oops, g1 gc, windows-amd64)
Heap:
 garbage-first heap   total 90112K, used 11368K [0x00000000a8c00000, 0x0000000100000000)
  region size 1024K, 6 young (6144K), 2 survivors (2048K)
 Metaspace       used 8133K, capacity 9669K, committed 9728K, reserved 1058816K
  class space    used 988K, capacity 1244K, committed 1280K, reserved 1048576K
GC Heap History (6 events):
Event: 0.706 GC heap before
{Heap before GC invocations=0 (full 0):
 garbage-first heap   total 90112K, used 14336K [0x00000000a8c00000, 0x0000000100000000)
  region size 1024K, 14 young (14336K), 0 survivors (0K)
 Metaspace       used 2557K, capacity 5410K, committed 5760K, reserved 1056768K
  class space    used 268K, capacity 534K, committed 640K, reserved 1048576K
}
Event: 0.718 GC heap after
{Heap after GC invocations=1 (full 0):
 garbage-first heap   total 90112K, used 7276K [0x00000000a8c00000, 0x0000000100000000)
  region size 1024K, 2 young (2048K), 2 survivors (2048K)
 Metaspace       used 2557K, capacity 5410K, committed 5760K, reserved 1056768K
  class space    used 268K, capacity 534K, committed 640K, reserved 1048576K
}
Event: 1.004 GC heap before
{Heap before GC invocations=1 (full 0):
 garbage-first heap   total 90112K, used 16492K [0x00000000a8c00000, 0x0000000100000000)
  region size 1024K, 11 young (11264K), 2 survivors (2048K)
 Metaspace       used 3980K, capacity 6372K, committed 6656K, reserved 1056768K
  class space    used 442K, capacity 688K, committed 768K, reserved 1048576K
}
Event: 1.011 GC heap after
{Heap after GC invocations=2 (full 0):
 garbage-first heap   total 90112K, used 7426K [0x00000000a8c00000, 0x0000000100000000)
  region size 1024K, 1 young (1024K), 1 survivors (1024K)
 Metaspace       used 3980K, capacity 6372K, committed 6656K, reserved 1056768K
  class space    used 442K, capacity 688K, committed 768K, reserved 1048576K
}
Event: 1.915 GC heap before
{Heap before GC invocations=2 (full 0):
 garbage-first heap   total 90112K, used 32002K [0x00000000a8c00000, 0x0000000100000000)
  region size 1024K, 25 young (25600K), 1 survivors (1024K)
 Metaspace       used 7767K, capacity 9280K, committed 9472K, reserved 1056768K
  class space    used 938K, capacity 1199K, committed 1280K, reserved 1048576K
}
Event: 1.922 GC heap after
{Heap after GC invocations=3 (full 0):
 garbage-first heap   total 90112K, used 8296K [0x00000000a8c00000, 0x0000000100000000)
  region size 1024K, 2 young (2048K), 2 survivors (2048K)
 Metaspace       used 7767K, capacity 9280K, committed 9472K, reserved 1056768K
  class space    used 938K, capacity 1199K, committed 1280K, reserved 1048576K
}

